2024-12-15 19:23:06 - [31m[1mWARNING: This is a development server. Do not use it in a production deployment. Use a production WSGI server instead.[0m
 * Running on all addresses (0.0.0.0)
 * Running on http://127.0.0.1:8000
 * Running on http://192.168.0.19:8000
2024-12-15 19:23:06 - [33mPress CTRL+C to quit[0m
2024-12-15 19:23:13 - 127.0.0.1 - - [15/Dec/2024 19:23:13] "GET / HTTP/1.1" 200 -
2024-12-15 19:23:17 - 127.0.0.1 - - [15/Dec/2024 19:23:17] "GET /upload HTTP/1.1" 200 -
2024-12-15 19:23:41 - File uploaded: guide-1.PNG by 127.0.0.1
2024-12-15 19:23:41 - 127.0.0.1 - - [15/Dec/2024 19:23:41] "POST /upload HTTP/1.1" 200 -
2024-12-15 19:23:45 - 127.0.0.1 - - [15/Dec/2024 19:23:45] "GET / HTTP/1.1" 200 -
2024-12-15 19:23:47 - File downloaded: testfile.txt by 127.0.0.1
2024-12-15 19:23:47 - 127.0.0.1 - - [15/Dec/2024 19:23:47] "[36mGET /download/testfile.txt HTTP/1.1[0m" 304 -
2024-12-15 19:23:51 - 127.0.0.1 - - [15/Dec/2024 19:23:51] "[33mGET /log HTTP/1.1[0m" 404 -
2024-12-15 19:23:58 - 127.0.0.1 - - [15/Dec/2024 19:23:58] "GET /logs HTTP/1.1" 200 -
2024-12-15 19:26:54 - 127.0.0.1 - - [15/Dec/2024 19:26:54] "GET /upload HTTP/1.1" 200 -
2024-12-15 19:34:43 - [31m[1mWARNING: This is a development server. Do not use it in a production deployment. Use a production WSGI server instead.[0m
 * Running on all addresses (0.0.0.0)
 * Running on http://127.0.0.1:8000
 * Running on http://192.168.0.19:8000
2024-12-15 19:34:43 - [33mPress CTRL+C to quit[0m
2024-12-15 19:34:55 - 127.0.0.1 has visited the index
2024-12-15 19:34:55 - 127.0.0.1 - - [15/Dec/2024 19:34:55] "GET / HTTP/1.1" 200 -
2024-12-15 19:35:05 - 127.0.0.1 has viewed the logfiles
2024-12-15 19:35:05 - 127.0.0.1 - - [15/Dec/2024 19:35:05] "GET /logs HTTP/1.1" 200 -
2024-12-15 19:35:24 - [31m[1mWARNING: This is a development server. Do not use it in a production deployment. Use a production WSGI server instead.[0m
 * Running on all addresses (0.0.0.0)
 * Running on http://127.0.0.1:8000
 * Running on http://192.168.0.19:8000
2024-12-15 19:35:24 - [33mPress CTRL+C to quit[0m
2024-12-15 19:35:26 - 127.0.0.1 has viewed the logfiles
2024-12-15 19:35:26 - 127.0.0.1 - - [15/Dec/2024 19:35:26] "GET /logs HTTP/1.1" 200 -
2024-12-15 19:35:49 - 127.0.0.1 has visited the index
2024-12-15 19:35:49 - 127.0.0.1 - - [15/Dec/2024 19:35:49] "GET / HTTP/1.1" 200 -
2024-12-15 19:35:51 - File downloaded: guide-1.PNG by 127.0.0.1
2024-12-15 19:35:52 - 127.0.0.1 - - [15/Dec/2024 19:35:52] "GET /download/guide-1.PNG HTTP/1.1" 200 -
2024-12-15 19:35:57 - 127.0.0.1 has viewed the logfiles
2024-12-15 19:35:57 - 127.0.0.1 - - [15/Dec/2024 19:35:57] "GET /logs HTTP/1.1" 200 -
2024-12-15 19:53:39 - [31m[1mWARNING: This is a development server. Do not use it in a production deployment. Use a production WSGI server instead.[0m
 * Running on all addresses (0.0.0.0)
 * Running on http://127.0.0.1:8000
 * Running on http://192.168.0.19:8000
2024-12-15 19:53:39 - [33mPress CTRL+C to quit[0m
2024-12-15 19:53:47 - 127.0.0.1 has visited the index
2024-12-15 19:53:47 - 127.0.0.1 - - [15/Dec/2024 19:53:47] "GET / HTTP/1.1" 200 -
2024-12-15 19:53:47 - 127.0.0.1 - - [15/Dec/2024 19:53:47] "[33mGET /favicon.ico HTTP/1.1[0m" 404 -
2024-12-15 19:53:49 - File downloaded: guide-1.PNG by 127.0.0.1
2024-12-15 19:53:49 - 127.0.0.1 - - [15/Dec/2024 19:53:49] "[36mGET /download/guide-1.PNG HTTP/1.1[0m" 304 -
2024-12-15 19:53:50 - File downloaded: guide-1.PNG by 127.0.0.1
2024-12-15 19:53:50 - 127.0.0.1 - - [15/Dec/2024 19:53:50] "[36mGET /download/guide-1.PNG HTTP/1.1[0m" 304 -
2024-12-15 19:53:51 - File downloaded: guide-1.PNG by 127.0.0.1
2024-12-15 19:53:51 - 127.0.0.1 - - [15/Dec/2024 19:53:51] "[36mGET /download/guide-1.PNG HTTP/1.1[0m" 304 -
2024-12-15 19:53:52 - File downloaded: guide-1.PNG by 127.0.0.1
2024-12-15 19:53:52 - 127.0.0.1 - - [15/Dec/2024 19:53:52] "[36mGET /download/guide-1.PNG HTTP/1.1[0m" 304 -
2024-12-15 19:53:53 - File downloaded: guide-1.PNG by 127.0.0.1
2024-12-15 19:53:53 - 127.0.0.1 - - [15/Dec/2024 19:53:53] "[36mGET /download/guide-1.PNG HTTP/1.1[0m" 304 -
2024-12-15 19:53:54 - ratelimit 5 per 1 minute (127.0.0.1) exceeded at endpoint: download_file
2024-12-15 19:53:54 - 127.0.0.1 - - [15/Dec/2024 19:53:54] "[31m[1mGET /download/guide-1.PNG HTTP/1.1[0m" 429 -
2024-12-15 19:53:57 - ratelimit 5 per 1 minute (127.0.0.1) exceeded at endpoint: download_file
2024-12-15 19:53:57 - 127.0.0.1 - - [15/Dec/2024 19:53:57] "[31m[1mGET /download/testfile.txt HTTP/1.1[0m" 429 -
2024-12-15 19:53:59 - 127.0.0.1 has visited the index
2024-12-15 19:53:59 - 127.0.0.1 - - [15/Dec/2024 19:53:59] "GET / HTTP/1.1" 200 -
2024-12-15 20:01:48 - [31m[1mWARNING: This is a development server. Do not use it in a production deployment. Use a production WSGI server instead.[0m
 * Running on all addresses (0.0.0.0)
 * Running on http://127.0.0.1:8000
 * Running on http://192.168.0.19:8000
2024-12-15 20:01:48 - [33mPress CTRL+C to quit[0m
2024-12-15 20:01:51 - 127.0.0.1 has visited the index
2024-12-15 20:01:51 - 127.0.0.1 - - [15/Dec/2024 20:01:51] "GET / HTTP/1.1" 200 -
2024-12-15 20:01:58 - 127.0.0.1 - - [15/Dec/2024 20:01:58] "GET /upload HTTP/1.1" 200 -
2024-12-15 20:02:03 - File uploaded: guide-3.PNG by 127.0.0.1. File uploaded successfully
2024-12-15 20:02:03 - 127.0.0.1 - - [15/Dec/2024 20:02:03] "POST /upload HTTP/1.1" 200 -
2024-12-15 20:02:06 - 127.0.0.1 has visited the index
2024-12-15 20:02:06 - 127.0.0.1 - - [15/Dec/2024 20:02:06] "GET / HTTP/1.1" 200 -
2024-12-15 20:02:10 - 127.0.0.1 has viewed the logfiles
2024-12-15 20:02:10 - 127.0.0.1 - - [15/Dec/2024 20:02:10] "GET /logs HTTP/1.1" 200 -
2024-12-15 20:11:01 - [31m[1mWARNING: This is a development server. Do not use it in a production deployment. Use a production WSGI server instead.[0m
 * Running on all addresses (0.0.0.0)
 * Running on http://127.0.0.1:8000
 * Running on http://192.168.0.19:8000
2024-12-15 20:11:01 - [33mPress CTRL+C to quit[0m
2024-12-15 20:11:14 - 127.0.0.1 - - [15/Dec/2024 20:11:14] "[33mGET /u HTTP/1.1[0m" 404 -
2024-12-15 20:11:16 - 127.0.0.1 has visited the index
2024-12-15 20:11:16 - 127.0.0.1 - - [15/Dec/2024 20:11:16] "GET / HTTP/1.1" 200 -
2024-12-15 20:11:19 - 127.0.0.1 - - [15/Dec/2024 20:11:19] "GET /upload HTTP/1.1" 200 -
2024-12-15 20:11:23 - File uploaded: guide-2.PNG by 127.0.0.1. File uploaded successfully
2024-12-15 20:11:23 - 127.0.0.1 - - [15/Dec/2024 20:11:23] "POST /upload HTTP/1.1" 200 -
2024-12-15 20:11:25 - 127.0.0.1 - - [15/Dec/2024 20:11:25] "GET /upload HTTP/1.1" 200 -
2024-12-15 20:11:29 - ratelimit 3 per 1 minute (127.0.0.1) exceeded at endpoint: upload_file
2024-12-15 20:11:29 - 127.0.0.1 - - [15/Dec/2024 20:11:29] "[31m[1mPOST /upload HTTP/1.1[0m" 429 -
2024-12-15 20:11:34 - ratelimit 3 per 1 minute (127.0.0.1) exceeded at endpoint: upload_file
2024-12-15 20:11:34 - 127.0.0.1 - - [15/Dec/2024 20:11:34] "[31m[1mPOST /upload HTTP/1.1[0m" 429 -
2024-12-15 20:11:37 - 127.0.0.1 has visited the index
2024-12-15 20:11:37 - 127.0.0.1 - - [15/Dec/2024 20:11:37] "GET / HTTP/1.1" 200 -
2024-12-15 20:11:57 - [31m[1mWARNING: This is a development server. Do not use it in a production deployment. Use a production WSGI server instead.[0m
 * Running on all addresses (0.0.0.0)
 * Running on http://127.0.0.1:8000
 * Running on http://192.168.0.19:8000
2024-12-15 20:11:57 - [33mPress CTRL+C to quit[0m
2024-12-15 20:12:01 - 127.0.0.1 has viewed the logfiles
2024-12-15 20:12:01 - 127.0.0.1 - - [15/Dec/2024 20:12:01] "GET /logs HTTP/1.1" 200 -
2024-12-15 20:12:11 - 127.0.0.1 - - [15/Dec/2024 20:12:11] "GET /upload HTTP/1.1" 200 -
2024-12-15 20:12:15 - File uploaded: guide-1.PNG by 127.0.0.1. File uploaded successfully
2024-12-15 20:12:15 - 127.0.0.1 - - [15/Dec/2024 20:12:15] "POST /upload HTTP/1.1" 200 -
2024-12-15 20:12:18 - File uploaded: guide-1.PNG by 127.0.0.1. File uploaded successfully
2024-12-15 20:12:18 - 127.0.0.1 - - [15/Dec/2024 20:12:18] "POST /upload HTTP/1.1" 200 -
2024-12-15 20:12:20 - 127.0.0.1 - - [15/Dec/2024 20:12:20] "GET /upload HTTP/1.1" 200 -
2024-12-15 20:12:24 - File uploaded: guide-2.PNG by 127.0.0.1. File uploaded successfully
2024-12-15 20:12:24 - 127.0.0.1 - - [15/Dec/2024 20:12:24] "POST /upload HTTP/1.1" 200 -
2024-12-15 20:12:27 - 127.0.0.1 - - [15/Dec/2024 20:12:27] "GET /upload HTTP/1.1" 200 -
2024-12-15 20:12:30 - File uploaded: guide-3.PNG by 127.0.0.1. File uploaded successfully
2024-12-15 20:12:30 - 127.0.0.1 - - [15/Dec/2024 20:12:30] "POST /upload HTTP/1.1" 200 -
2024-12-15 20:12:31 - 127.0.0.1 - - [15/Dec/2024 20:12:31] "GET /upload HTTP/1.1" 200 -
2024-12-15 20:12:35 - File uploaded: guide-4.PNG by 127.0.0.1. File uploaded successfully
2024-12-15 20:12:35 - 127.0.0.1 - - [15/Dec/2024 20:12:35] "POST /upload HTTP/1.1" 200 -
2024-12-15 20:12:36 - 127.0.0.1 - - [15/Dec/2024 20:12:36] "GET /upload HTTP/1.1" 200 -
2024-12-15 20:12:40 - ratelimit 10 per 1 minute (127.0.0.1) exceeded at endpoint: upload_file
2024-12-15 20:12:40 - 127.0.0.1 - - [15/Dec/2024 20:12:40] "[31m[1mPOST /upload HTTP/1.1[0m" 429 -
2024-12-15 20:12:41 - ratelimit 10 per 1 minute (127.0.0.1) exceeded at endpoint: upload_file
2024-12-15 20:12:41 - 127.0.0.1 - - [15/Dec/2024 20:12:41] "[31m[1mGET /upload HTTP/1.1[0m" 429 -
2024-12-15 20:13:28 - 127.0.0.1 has visited the index
2024-12-15 20:13:28 - 127.0.0.1 - - [15/Dec/2024 20:13:28] "GET / HTTP/1.1" 200 -
2024-12-15 20:31:54 - [31m[1mWARNING: This is a development server. Do not use it in a production deployment. Use a production WSGI server instead.[0m
 * Running on all addresses (0.0.0.0)
 * Running on http://127.0.0.1:8000
 * Running on http://192.168.0.19:8000
2024-12-15 20:31:54 - [33mPress CTRL+C to quit[0m
2024-12-15 20:32:00 - Exception on / [GET]
Traceback (most recent call last):
  File "D:\Egna project\Python\FileSharing-webserver\main.py", line 30, in index
    files = os.listdir(SHARED_FOLDER)
FileNotFoundError: [WinError 3] The system cannot find the path specified: './shared'

During handling of the above exception, another exception occurred:

Traceback (most recent call last):
  File "C:\Users\Alex\AppData\Local\Programs\Python\Python310\lib\site-packages\flask\app.py", line 1511, in wsgi_app
    response = self.full_dispatch_request()
  File "C:\Users\Alex\AppData\Local\Programs\Python\Python310\lib\site-packages\flask\app.py", line 919, in full_dispatch_request
    rv = self.handle_user_exception(e)
  File "C:\Users\Alex\AppData\Local\Programs\Python\Python310\lib\site-packages\flask\app.py", line 917, in full_dispatch_request
    rv = self.dispatch_request()
  File "C:\Users\Alex\AppData\Local\Programs\Python\Python310\lib\site-packages\flask\app.py", line 902, in dispatch_request
    return self.ensure_sync(self.view_functions[rule.endpoint])(**view_args)  # type: ignore[no-any-return]
  File "D:\Egna project\Python\FileSharing-webserver\main.py", line 39, in index
    logging.error(f"{client_ip} has failed to acces index. Error: {e}")
UnboundLocalError: local variable 'client_ip' referenced before assignment
2024-12-15 20:32:00 - 127.0.0.1 - - [15/Dec/2024 20:32:00] "[35m[1mGET / HTTP/1.1[0m" 500 -
2024-12-15 20:32:01 - Exception on / [GET]
Traceback (most recent call last):
  File "D:\Egna project\Python\FileSharing-webserver\main.py", line 30, in index
    files = os.listdir(SHARED_FOLDER)
FileNotFoundError: [WinError 3] The system cannot find the path specified: './shared'

During handling of the above exception, another exception occurred:

Traceback (most recent call last):
  File "C:\Users\Alex\AppData\Local\Programs\Python\Python310\lib\site-packages\flask\app.py", line 1511, in wsgi_app
    response = self.full_dispatch_request()
  File "C:\Users\Alex\AppData\Local\Programs\Python\Python310\lib\site-packages\flask\app.py", line 919, in full_dispatch_request
    rv = self.handle_user_exception(e)
  File "C:\Users\Alex\AppData\Local\Programs\Python\Python310\lib\site-packages\flask\app.py", line 917, in full_dispatch_request
    rv = self.dispatch_request()
  File "C:\Users\Alex\AppData\Local\Programs\Python\Python310\lib\site-packages\flask\app.py", line 902, in dispatch_request
    return self.ensure_sync(self.view_functions[rule.endpoint])(**view_args)  # type: ignore[no-any-return]
  File "D:\Egna project\Python\FileSharing-webserver\main.py", line 39, in index
    logging.error(f"{client_ip} has failed to acces index. Error: {e}")
UnboundLocalError: local variable 'client_ip' referenced before assignment
2024-12-15 20:32:01 - 127.0.0.1 - - [15/Dec/2024 20:32:01] "[35m[1mGET / HTTP/1.1[0m" 500 -
2024-12-15 20:32:09 - Exception on / [GET]
Traceback (most recent call last):
  File "D:\Egna project\Python\FileSharing-webserver\main.py", line 30, in index
    files = os.listdir(SHARED_FOLDER)
FileNotFoundError: [WinError 3] The system cannot find the path specified: './shared'

During handling of the above exception, another exception occurred:

Traceback (most recent call last):
  File "C:\Users\Alex\AppData\Local\Programs\Python\Python310\lib\site-packages\flask\app.py", line 1511, in wsgi_app
    response = self.full_dispatch_request()
  File "C:\Users\Alex\AppData\Local\Programs\Python\Python310\lib\site-packages\flask\app.py", line 919, in full_dispatch_request
    rv = self.handle_user_exception(e)
  File "C:\Users\Alex\AppData\Local\Programs\Python\Python310\lib\site-packages\flask\app.py", line 917, in full_dispatch_request
    rv = self.dispatch_request()
  File "C:\Users\Alex\AppData\Local\Programs\Python\Python310\lib\site-packages\flask\app.py", line 902, in dispatch_request
    return self.ensure_sync(self.view_functions[rule.endpoint])(**view_args)  # type: ignore[no-any-return]
  File "D:\Egna project\Python\FileSharing-webserver\main.py", line 39, in index
    logging.error(f"{client_ip} has failed to acces index. Error: {e}")
UnboundLocalError: local variable 'client_ip' referenced before assignment
2024-12-15 20:32:09 - 127.0.0.1 - - [15/Dec/2024 20:32:09] "[35m[1mGET / HTTP/1.1[0m" 500 -
2024-12-15 20:32:10 - Exception on / [GET]
Traceback (most recent call last):
  File "D:\Egna project\Python\FileSharing-webserver\main.py", line 30, in index
    files = os.listdir(SHARED_FOLDER)
FileNotFoundError: [WinError 3] The system cannot find the path specified: './shared'

During handling of the above exception, another exception occurred:

Traceback (most recent call last):
  File "C:\Users\Alex\AppData\Local\Programs\Python\Python310\lib\site-packages\flask\app.py", line 1511, in wsgi_app
    response = self.full_dispatch_request()
  File "C:\Users\Alex\AppData\Local\Programs\Python\Python310\lib\site-packages\flask\app.py", line 919, in full_dispatch_request
    rv = self.handle_user_exception(e)
  File "C:\Users\Alex\AppData\Local\Programs\Python\Python310\lib\site-packages\flask\app.py", line 917, in full_dispatch_request
    rv = self.dispatch_request()
  File "C:\Users\Alex\AppData\Local\Programs\Python\Python310\lib\site-packages\flask\app.py", line 902, in dispatch_request
    return self.ensure_sync(self.view_functions[rule.endpoint])(**view_args)  # type: ignore[no-any-return]
  File "D:\Egna project\Python\FileSharing-webserver\main.py", line 39, in index
    logging.error(f"{client_ip} has failed to acces index. Error: {e}")
UnboundLocalError: local variable 'client_ip' referenced before assignment
2024-12-15 20:32:10 - 127.0.0.1 - - [15/Dec/2024 20:32:10] "[35m[1mGET / HTTP/1.1[0m" 500 -
2024-12-15 20:32:11 - Exception on / [GET]
Traceback (most recent call last):
  File "D:\Egna project\Python\FileSharing-webserver\main.py", line 30, in index
    files = os.listdir(SHARED_FOLDER)
FileNotFoundError: [WinError 3] The system cannot find the path specified: './shared'

During handling of the above exception, another exception occurred:

Traceback (most recent call last):
  File "C:\Users\Alex\AppData\Local\Programs\Python\Python310\lib\site-packages\flask\app.py", line 1511, in wsgi_app
    response = self.full_dispatch_request()
  File "C:\Users\Alex\AppData\Local\Programs\Python\Python310\lib\site-packages\flask\app.py", line 919, in full_dispatch_request
    rv = self.handle_user_exception(e)
  File "C:\Users\Alex\AppData\Local\Programs\Python\Python310\lib\site-packages\flask\app.py", line 917, in full_dispatch_request
    rv = self.dispatch_request()
  File "C:\Users\Alex\AppData\Local\Programs\Python\Python310\lib\site-packages\flask\app.py", line 902, in dispatch_request
    return self.ensure_sync(self.view_functions[rule.endpoint])(**view_args)  # type: ignore[no-any-return]
  File "D:\Egna project\Python\FileSharing-webserver\main.py", line 39, in index
    logging.error(f"{client_ip} has failed to acces index. Error: {e}")
UnboundLocalError: local variable 'client_ip' referenced before assignment
2024-12-15 20:32:11 - 127.0.0.1 - - [15/Dec/2024 20:32:11] "[35m[1mGET / HTTP/1.1[0m" 500 -
2024-12-15 20:32:15 - Exception on / [GET]
Traceback (most recent call last):
  File "D:\Egna project\Python\FileSharing-webserver\main.py", line 30, in index
    files = os.listdir(SHARED_FOLDER)
FileNotFoundError: [WinError 3] The system cannot find the path specified: './shared'

During handling of the above exception, another exception occurred:

Traceback (most recent call last):
  File "C:\Users\Alex\AppData\Local\Programs\Python\Python310\lib\site-packages\flask\app.py", line 1511, in wsgi_app
    response = self.full_dispatch_request()
  File "C:\Users\Alex\AppData\Local\Programs\Python\Python310\lib\site-packages\flask\app.py", line 919, in full_dispatch_request
    rv = self.handle_user_exception(e)
  File "C:\Users\Alex\AppData\Local\Programs\Python\Python310\lib\site-packages\flask\app.py", line 917, in full_dispatch_request
    rv = self.dispatch_request()
  File "C:\Users\Alex\AppData\Local\Programs\Python\Python310\lib\site-packages\flask\app.py", line 902, in dispatch_request
    return self.ensure_sync(self.view_functions[rule.endpoint])(**view_args)  # type: ignore[no-any-return]
  File "D:\Egna project\Python\FileSharing-webserver\main.py", line 39, in index
    logging.error(f"{client_ip} has failed to acces index. Error: {e}")
UnboundLocalError: local variable 'client_ip' referenced before assignment
2024-12-15 20:32:15 - 127.0.0.1 - - [15/Dec/2024 20:32:15] "[35m[1mGET / HTTP/1.1[0m" 500 -
2024-12-15 20:32:16 - Exception on / [GET]
Traceback (most recent call last):
  File "D:\Egna project\Python\FileSharing-webserver\main.py", line 30, in index
    files = os.listdir(SHARED_FOLDER)
FileNotFoundError: [WinError 3] The system cannot find the path specified: './shared'

During handling of the above exception, another exception occurred:

Traceback (most recent call last):
  File "C:\Users\Alex\AppData\Local\Programs\Python\Python310\lib\site-packages\flask\app.py", line 1511, in wsgi_app
    response = self.full_dispatch_request()
  File "C:\Users\Alex\AppData\Local\Programs\Python\Python310\lib\site-packages\flask\app.py", line 919, in full_dispatch_request
    rv = self.handle_user_exception(e)
  File "C:\Users\Alex\AppData\Local\Programs\Python\Python310\lib\site-packages\flask\app.py", line 917, in full_dispatch_request
    rv = self.dispatch_request()
  File "C:\Users\Alex\AppData\Local\Programs\Python\Python310\lib\site-packages\flask\app.py", line 902, in dispatch_request
    return self.ensure_sync(self.view_functions[rule.endpoint])(**view_args)  # type: ignore[no-any-return]
  File "D:\Egna project\Python\FileSharing-webserver\main.py", line 39, in index
    logging.error(f"{client_ip} has failed to acces index. Error: {e}")
UnboundLocalError: local variable 'client_ip' referenced before assignment
2024-12-15 20:32:16 - 127.0.0.1 - - [15/Dec/2024 20:32:16] "[35m[1mGET / HTTP/1.1[0m" 500 -
2024-12-15 20:33:05 - [31m[1mWARNING: This is a development server. Do not use it in a production deployment. Use a production WSGI server instead.[0m
 * Running on all addresses (0.0.0.0)
 * Running on http://127.0.0.1:8000
 * Running on http://192.168.0.19:8000
2024-12-15 20:33:05 - [33mPress CTRL+C to quit[0m
2024-12-15 20:33:07 - 127.0.0.1 has visited the index
2024-12-15 20:33:07 - 127.0.0.1 - - [15/Dec/2024 20:33:07] "GET / HTTP/1.1" 200 -
2024-12-15 20:34:30 - [31m[1mWARNING: This is a development server. Do not use it in a production deployment. Use a production WSGI server instead.[0m
 * Running on all addresses (0.0.0.0)
 * Running on http://127.0.0.1:8000
 * Running on http://192.168.0.19:8000
2024-12-15 20:34:30 - [33mPress CTRL+C to quit[0m
2024-12-15 20:34:32 - 127.0.0.1 has visited the index
2024-12-15 20:34:32 - 127.0.0.1 - - [15/Dec/2024 20:34:32] "GET / HTTP/1.1" 200 -
2024-12-15 20:34:37 - 127.0.0.1 - - [15/Dec/2024 20:34:37] "GET /upload HTTP/1.1" 200 -
2024-12-15 20:34:37 - 127.0.0.1 - - [15/Dec/2024 20:34:37] "[33mGET /uploads HTTP/1.1[0m" 404 -
2024-12-15 20:34:40 - 127.0.0.1 - - [15/Dec/2024 20:34:40] "GET /upload HTTP/1.1" 200 -
2024-12-15 20:34:46 - 127.0.0.1 has viewed the logfiles
2024-12-15 20:34:46 - 127.0.0.1 - - [15/Dec/2024 20:34:46] "GET /logs HTTP/1.1" 200 -
2024-12-15 20:35:10 - 127.0.0.1 has visited the index
2024-12-15 20:35:10 - 127.0.0.1 - - [15/Dec/2024 20:35:10] "GET / HTTP/1.1" 200 -
2024-12-15 20:35:21 - 127.0.0.1 has viewed the logfiles
2024-12-15 20:35:21 - 127.0.0.1 - - [15/Dec/2024 20:35:21] "GET /logs HTTP/1.1" 200 -
2024-12-15 20:35:34 - File downloaded: newfile.txt by 127.0.0.1
2024-12-15 20:35:34 - 127.0.0.1 - - [15/Dec/2024 20:35:34] "GET /download/newfile.txt HTTP/1.1" 200 -
2024-12-15 20:35:36 - 127.0.0.1 has viewed the logfiles
2024-12-15 20:35:36 - 127.0.0.1 - - [15/Dec/2024 20:35:36] "GET /logs HTTP/1.1" 200 -
2024-12-15 20:35:44 - 127.0.0.1 - - [15/Dec/2024 20:35:44] "GET /upload HTTP/1.1" 200 -
2024-12-15 20:35:49 - File uploaded: guide-1.PNG by 127.0.0.1. File uploaded successfully
2024-12-15 20:35:49 - 127.0.0.1 - - [15/Dec/2024 20:35:49] "POST /upload HTTP/1.1" 200 -
2024-12-15 20:35:51 - 127.0.0.1 has viewed the logfiles
2024-12-15 20:35:51 - 127.0.0.1 - - [15/Dec/2024 20:35:51] "GET /logs HTTP/1.1" 200 -
2024-12-15 20:36:11 - 127.0.0.1 has visited the index
2024-12-15 20:36:11 - 127.0.0.1 - - [15/Dec/2024 20:36:11] "GET / HTTP/1.1" 200 -
